  Building Custom Rule C:/Users/bkand/Documents/GitHub/GameArchitecture/3DSoundSystem/src/ga1-core/CMakeLists.txt
  lapi.c
  lauxlib.c
  lbaselib.c
  lbitlib.c
  lcode.c
  lcorolib.c
  lctype.c
  ldblib.c
  ldebug.c
  ldo.c
  ldump.c
  lfunc.c
  lgc.c
  linit.c
  liolib.c
  llex.c
  lmathlib.c
  lmem.c
  loadlib.c
  lobject.c
  Generating Code...
  Compiling...
  lopcodes.c
  loslib.c
  lparser.c
  lstate.c
  lstring.c
  lstrlib.c
  ltable.c
  ltablib.c
  ltm.c
  lua.c
  lundump.c
  lutf8lib.c
  lvm.c
  lzio.c
  Generating Code...
  lua53.vcxproj -> C:\Users\bkand\Documents\GitHub\GameArchitecture\3DSoundSystem\build\ga1-core-win64\Debug\lua53.lib
